proguard/seeds.txt
in.org.samhita.android.app.EventActivity
in.org.samhita.android.app.EventActivity: EventActivity()
in.org.samhita.android.app.GCMIntentService
in.org.samhita.android.app.GCMIntentService: GCMIntentService()
in.org.samhita.android.app.MainActivity
in.org.samhita.android.app.MainActivity: MainActivity()
in.org.samhita.android.app.R$array: int pref_example_list_titles
in.org.samhita.android.app.R$array: int pref_example_list_values
in.org.samhita.android.app.R$array: int pref_sync_frequency_titles
in.org.samhita.android.app.R$array: int pref_sync_frequency_values
in.org.samhita.android.app.R$attr: int actionBarDivider
in.org.samhita.android.app.R$attr: int actionBarItemBackground
in.org.samhita.android.app.R$attr: int actionBarSize
in.org.samhita.android.app.R$attr: int actionBarSplitStyle
in.org.samhita.android.app.R$attr: int actionBarStyle
in.org.samhita.android.app.R$attr: int actionBarTabBarStyle
in.org.samhita.android.app.R$attr: int actionBarTabStyle
in.org.samhita.android.app.R$attr: int actionBarTabTextStyle
in.org.samhita.android.app.R$attr: int actionBarWidgetTheme
in.org.samhita.android.app.R$attr: int actionButtonStyle
in.org.samhita.android.app.R$attr: int actionDropDownStyle
in.org.samhita.android.app.R$attr: int actionMenuTextAppearance
in.org.samhita.android.app.R$attr: int actionMenuTextColor
in.org.samhita.android.app.R$attr: int actionModeBackground
in.org.samhita.android.app.R$attr: int actionModeCloseButtonStyle
in.org.samhita.android.app.R$attr: int actionModeCloseDrawable
in.org.samhita.android.app.R$attr: int actionModePopupWindowStyle
in.org.samhita.android.app.R$attr: int actionModeShareDrawable
in.org.samhita.android.app.R$attr: int actionModeSplitBackground
in.org.samhita.android.app.R$attr: int actionModeStyle
in.org.samhita.android.app.R$attr: int actionOverflowButtonStyle
in.org.samhita.android.app.R$attr: int actionSpinnerItemStyle
in.org.samhita.android.app.R$attr: int activatedBackgroundIndicator
in.org.samhita.android.app.R$attr: int activityChooserViewStyle
in.org.samhita.android.app.R$bool: int abs__action_bar_embed_tabs
in.org.samhita.android.app.R$bool: int abs__action_bar_expanded_action_views_exclusive
in.org.samhita.android.app.R$bool: int abs__config_actionMenuItemAllCaps
in.org.samhita.android.app.R$bool: int abs__config_allowActionMenuItemTextWithIcon
in.org.samhita.android.app.R$bool: int abs__config_showMenuShortcutsWhenKeyboardPresent
in.org.samhita.android.app.R$bool: int abs__split_action_bar_is_narrow
in.org.samhita.android.app.R$color: int abs__background_holo_dark
in.org.samhita.android.app.R$color: int abs__background_holo_light
in.org.samhita.android.app.R$color: int abs__bright_foreground_disabled_holo_dark
in.org.samhita.android.app.R$color: int abs__bright_foreground_disabled_holo_light
in.org.samhita.android.app.R$color: int abs__bright_foreground_holo_dark
in.org.samhita.android.app.R$color: int abs__bright_foreground_holo_light
in.org.samhita.android.app.R$color: int abs__primary_text_disable_only_holo_dark
in.org.samhita.android.app.R$color: int abs__primary_text_disable_only_holo_light
in.org.samhita.android.app.R$color: int abs__primary_text_holo_dark
in.org.samhita.android.app.R$color: int abs__primary_text_holo_light
...
com.actionbarsherlock.widget.SearchView$6
com.actionbarsherlock.widget.SearchView$6: com.actionbarsherlock.widget.SearchView this$0
com.actionbarsherlock.widget.SearchView$6: SearchView$6(com.actionbarsherlock.widget.SearchView)
com.actionbarsherlock.widget.SearchView$6: boolean onEditorAction(android.widget.TextView,int,android.view.KeyEvent)
com.actionbarsherlock.widget.SearchView$7
com.actionbarsherlock.widget.SearchView$7: com.actionbarsherlock.widget.SearchView this$0
com.actionbarsherlock.widget.SearchView$7: SearchView$7(com.actionbarsherlock.widget.SearchView)
com.actionbarsherlock.widget.SearchView$7: void onItemClick(android.widget.AdapterView,android.view.View,int,long)
com.actionbarsherlock.widget.SearchView$8
com.actionbarsherlock.widget.SearchView$8: com.actionbarsherlock.widget.SearchView this$0
com.actionbarsherlock.widget.SearchView$8: SearchView$8(com.actionbarsherlock.widget.SearchView)
com.actionbarsherlock.widget.SearchView$8: void onItemSelected(android.widget.AdapterView,android.view.View,int,long)
com.actionbarsherlock.widget.SearchView$8: void onNothingSelected(android.widget.AdapterView)
com.actionbarsherlock.widget.SearchView$9
com.actionbarsherlock.widget.SearchView$9: com.actionbarsherlock.widget.SearchView this$0
com.actionbarsherlock.widget.SearchView$9: SearchView$9(com.actionbarsherlock.widget.SearchView)
com.actionbarsherlock.widget.SearchView$9: void beforeTextChanged(java.lang.CharSequence,int,int,int)
com.actionbarsherlock.widget.SearchView$9: void onTextChanged(java.lang.CharSequence,int,int,int)
com.actionbarsherlock.widget.SearchView$9: void afterTextChanged(android.text.Editable)
com.actionbarsherlock.widget.SearchView$OnCloseListener
com.actionbarsherlock.widget.SearchView$OnCloseListener: boolean onClose()
com.actionbarsherlock.widget.SearchView$OnQueryTextListener
com.actionbarsherlock.widget.SearchView$OnQueryTextListener: boolean onQueryTextSubmit(java.lang.String)
com.actionbarsherlock.widget.SearchView$OnQueryTextListener: boolean onQueryTextChange(java.lang.String)
com.actionbarsherlock.widget.SearchView$OnSuggestionListener
com.actionbarsherlock.widget.SearchView$OnSuggestionListener: boolean onSuggestionSelect(int)
com.actionbarsherlock.widget.SearchView$OnSuggestionListener: boolean onSuggestionClick(int)
com.actionbarsherlock.widget.SearchView$SearchAutoComplete
com.actionbarsherlock.widget.SearchView$SearchAutoComplete: int mThreshold
com.actionbarsherlock.widget.SearchView$SearchAutoComplete: com.actionbarsherlock.widget.SearchView mSearchView
com.actionbarsherlock.widget.SearchView$SearchAutoComplete: SearchView$SearchAutoComplete(android.content.Context)
com.actionbarsherlock.widget.SearchView$SearchAutoComplete: SearchView$SearchAutoComplete(android.content.Context,android.util.AttributeSet)
com.actionbarsherlock.widget.SearchView$SearchAutoComplete: SearchView$SearchAutoComplete(android.content.Context,android.util.AttributeSet,int)
com.actionbarsherlock.widget.SearchView$SearchAutoComplete: void setSearchView(com.actionbarsherlock.widget.SearchView)
com.actionbarsherlock.widget.SearchView$SearchAutoComplete: void setThreshold(int)
com.actionbarsherlock.widget.SearchView$SearchAutoComplete: boolean isEmpty()
com.actionbarsherlock.widget.SearchView$SearchAutoComplete: void replaceText(java.lang.CharSequence)
com.actionbarsherlock.widget.SearchView$SearchAutoComplete: void performCompletion()
com.actionbarsherlock.widget.SearchView$SearchAutoComplete: void onWindowFocusChanged(boolean)
com.actionbarsherlock.widget.SearchView$SearchAutoComplete: void onFocusChanged(boolean,int,android.graphics.Rect)
com.actionbarsherlock.widget.SearchView$SearchAutoComplete: boolean enoughToFilter()