proguard/mapping.txt
in.org.samhita.android.app.AlertDialogManager -> in.org.samhita.android.app.a:
    void showAlertDialog(android.content.Context,java.lang.String,java.lang.String,java.lang.Boolean) -> a
in.org.samhita.android.app.AlertDialogManager$1 -> in.org.samhita.android.app.b:
    in.org.samhita.android.app.AlertDialogManager this$0 -> a
    void onClick(android.content.DialogInterface,int) -> onClick
in.org.samhita.android.app.CommonUtilities -> in.org.samhita.android.app.c:
    void displayMessage(android.content.Context,java.lang.String) -> a
in.org.samhita.android.app.ConnectionDetector -> in.org.samhita.android.app.d:
    android.content.Context _context -> a
    boolean isConnectingToInternet() -> a
in.org.samhita.android.app.Credits -> in.org.samhita.android.app.e:
    android.widget.Button send -> a
    android.telephony.SmsManager sms -> b
    android.widget.EditText msg -> c
    android.widget.TextView tv -> d
    android.view.View onCreateView(android.view.LayoutInflater,android.view.ViewGroup,android.os.Bundle) -> onCreateView
    void onDetach() -> onDetach
    void onDestroyView() -> onDestroyView
    void showAlertDialog(android.content.Context,java.lang.String,java.lang.String,java.lang.Boolean) -> a
in.org.samhita.android.app.Credits$1 -> in.org.samhita.android.app.f:
    in.org.samhita.android.app.Credits this$0 -> a
    void onClick(android.view.View) -> onClick
in.org.samhita.android.app.Credits$2 -> in.org.samhita.android.app.g:
    in.org.samhita.android.app.Credits this$0 -> a
    void onClick(android.content.DialogInterface,int) -> onClick
in.org.samhita.android.app.Credits$3 -> in.org.samhita.android.app.h:
    in.org.samhita.android.app.Credits this$0 -> a
    void onClick(android.content.DialogInterface,int) -> onClick
in.org.samhita.android.app.DataBaseHelper -> in.org.samhita.android.app.i:
    android.content.Context context -> a
    void onCreate(android.database.sqlite.SQLiteDatabase) -> onCreate
    void onUpgrade(android.database.sqlite.SQLiteDatabase,int,int) -> onUpgrade
    int addMessage(in.org.samhita.android.app.Update) -> a
    java.util.List getAllUpdates() -> a
    in.org.samhita.android.app.Event getEvent(int) -> a
    void deleteAllUpdates() -> b
    void executeQuery(java.lang.String) -> a
    java.util.List getAllEvents() -> c
    in.org.samhita.android.app.Event getWorkshop(int) -> b
in.org.samhita.android.app.Event -> in.org.samhita.android.app.j:
    int EventId -> a
    java.lang.String EventName -> b
    java.lang.String EventDesc -> c
    java.lang.String EventTime -> d
    java.lang.String OrganizerName -> e
    java.lang.String Contact -> f
    int type -> g
    java.lang.String url -> h
    void setDetails(int,java.lang.String,java.lang.String,java.lang.String,java.lang.String,java.lang.String,int) -> a
    void setDetails(int,java.lang.String,java.lang.String,java.lang.String,java.lang.String,java.lang.String,java.lang.String) -> a
    java.lang.String getEventName() -> a
    java.lang.String getEventURl() -> b
    java.lang.String getTime() -> c
    java.lang.String getOrganizer() -> d
    java.lang.String getDesc() -> e
    java.lang.String getId() -> f
    java.lang.String getPhone() -> g
    int getType() -> h
...
com.actionbarsherlock.internal.widget.CollapsibleActionViewWrapper -> com.actionbarsherlock.internal.widget.CollapsibleActionViewWrapper:
    com.actionbarsherlock.view.CollapsibleActionView child -> child
    void onActionViewExpanded() -> onActionViewExpanded
    void onActionViewCollapsed() -> onActionViewCollapsed
    android.view.View unwrap() -> unwrap
com.actionbarsherlock.internal.widget.IcsAbsSpinner -> com.actionbarsherlock.internal.widget.IcsAbsSpinner:
    boolean IS_HONEYCOMB -> IS_HONEYCOMB
    android.widget.SpinnerAdapter mAdapter -> mAdapter
    int mHeightMeasureSpec -> mHeightMeasureSpec
    int mWidthMeasureSpec -> mWidthMeasureSpec
    boolean mBlockLayoutRequests -> mBlockLayoutRequests
    int mSelectionLeftPadding -> mSelectionLeftPadding
    int mSelectionTopPadding -> mSelectionTopPadding
    int mSelectionRightPadding -> mSelectionRightPadding
    int mSelectionBottomPadding -> mSelectionBottomPadding
    android.graphics.Rect mSpinnerPadding -> mSpinnerPadding
    com.actionbarsherlock.internal.widget.IcsAbsSpinner$RecycleBin mRecycler -> mRecycler
    android.database.DataSetObserver mDataSetObserver -> mDataSetObserver
    android.graphics.Rect mTouchFrame -> mTouchFrame
    void initAbsSpinner() -> initAbsSpinner
    void setAdapter(android.widget.SpinnerAdapter) -> setAdapter
    void resetList() -> resetList
    void onMeasure(int,int) -> onMeasure
    int getChildHeight(android.view.View) -> getChildHeight
    int getChildWidth(android.view.View) -> getChildWidth
    android.view.ViewGroup$LayoutParams generateDefaultLayoutParams() -> generateDefaultLayoutParams
    void recycleAllViews() -> recycleAllViews
    void setSelection(int,boolean) -> setSelection
    void setSelection(int) -> setSelection
    void setSelectionInt(int,boolean) -> setSelectionInt
com.actionbarsherlock.internal.widget.IcsAbsSpinner$RecycleBin -> com.actionbarsherlock.internal.widget.IcsAbsSpinner$RecycleBin:
    android.util.SparseArray mScrapHeap -> mScrapHeap
    com.actionbarsherlock.internal.widget.IcsAbsSpinner this$0 -> this$0
    void put(int,android.view.View) -> put
    android.view.View get(int) -> get
    void clear() -> clear
com.actionbarsherlock.internal.widget.IcsAbsSpinner$SavedState -> com.actionbarsherlock.internal.widget.IcsAbsSpinner$SavedState:
    long selectedId -> selectedId
    int position -> position
    android.os.Parcelable$Creator CREATOR -> CREATOR
    void writeToParcel(android.os.Parcel,int) -> writeToParcel
    java.lang.String toString() -> toString
com.actionbarsherlock.internal.widget.IcsAbsSpinner$SavedState$1 -> com.actionbarsherlock.internal.widget.IcsAbsSpinner$SavedState$1:
    com.actionbarsherlock.internal.widget.IcsAbsSpinner$SavedState createFromParcel(android.os.Parcel) -> createFromParcel
    com.actionbarsherlock.internal.widget.IcsAbsSpinner$SavedState[] newArray(int) -> newArray
    java.lang.Object createFromParcel(android.os.Parcel) -> createFromParcel
    java.lang.Object[] newArray(int) -> newArray