proguard/usage.txt
in.org.samhita.android.app.BuildConfig
in.org.samhita.android.app.CommonUtilities:
    static final java.lang.String SERVER_URL
    static final java.lang.String SENDER_ID
    static final java.lang.String TAG
    static final java.lang.String DISPLAY_MESSAGE_ACTION
    static final java.lang.String EXTRA_MESSAGE
    6:6:public CommonUtilities()
in.org.samhita.android.app.DataBaseHelper:
    private static final int DATABASE_VERSION
    private static final java.lang.String DATABASE_NAME
    private static final java.lang.String TABLE_UPDATES
    private static final java.lang.String TABLE_EVENTS
    private static final java.lang.String TABLE_WS
    private static final java.lang.String KEY_ID
    private static final java.lang.String KEY_UPDATENAME
    private static final java.lang.String KEY_UPDATEDESC
    private static final java.lang.String KEY_UPDATETIME
    private static final java.lang.String KEY_UPDATETYPE
    private static final java.lang.String KEY_UPDATEURL
    private static final java.lang.String KEY_EVENT_ID
    private static final java.lang.String KEY_EVENT
    private static final java.lang.String KEY_TIME
    private static final java.lang.String KEY_ORGANIZER
    private static final java.lang.String KEY_DESC
    private static final java.lang.String KEY_PHONE
    private static final java.lang.String KEY_TYPE
    private static final java.lang.String KEY_URL
    private static final java.lang.String KEY_WEVENT_ID
    private static final java.lang.String KEY_WEVENT
    private static final java.lang.String KEY_WTIME
    private static final java.lang.String KEY_WORGANIZER
    private static final java.lang.String KEY_WDESC
    private static final java.lang.String KEY_WPHONE
    private static final java.lang.String KEY_WURL
in.org.samhita.android.app.EventActivity:
    private com.actionbarsherlock.view.Menu menu
in.org.samhita.android.app.GCMIntentService:
    private static final java.lang.String TAG
in.org.samhita.android.app.HomeFragment:
    android.widget.TextView left
    android.widget.TextView right
in.org.samhita.android.app.ImageAdapter:
    private int minwidth
    private int maxwidth
in.org.samhita.android.app.Manifest
in.org.samhita.android.app.Manifest$permission
in.org.samhita.android.app.R
in.org.samhita.android.app.R$array
in.org.samhita.android.app.R$attr
in.org.samhita.android.app.R$bool
in.org.samhita.android.app.R$color
in.org.samhita.android.app.R$dimen
in.org.samhita.android.app.R$drawable
in.org.samhita.android.app.R$id
in.org.samhita.android.app.R$integer
in.org.samhita.android.app.R$layout
in.org.samhita.android.app.R$menu
in.org.samhita.android.app.R$string
in.org.samhita.android.app.R$style
in.org.samhita.android.app.R$styleable
in.org.samhita.android.app.R$xml
in.org.samhita.android.app.ServerUtilities:
    private static final int MAX_ATTEMPTS
    private static final int BACKOFF_MILLI_SECONDS
    24:24:public ServerUtilities()
in.org.samhita.android.app.SplashActivity:
    private static final int TIME
    private android.widget.TextView lblMessage
    private com.actionbarsherlock.app.SherlockActivity rootView
in.org.samhita.android.app.UpdateListAdapter:
    android.widget.ImageView c
in.org.samhita.android.app.Updates:
    private android.app.ProgressDialog pDialog
    private static final java.lang.String TAG_SUCCESS
    private static final java.lang.String TAG_UPDATES
    private static final java.lang.String TAG_UPDATENAME
    private static final java.lang.String TAG_URL
    private static final java.lang.String TAG_DESC
    private static final java.lang.String TAG_TIME
    private static final java.lang.String TAG_TYPE
    152:161:public void showAlertDialog(android.content.Context,java.lang.String,java.lang.String,java.lang.Boolean)
in.org.samhita.android.app.Updates$3
in.org.samhita.android.app.WakeLocker:
    6:6:public WakeLocker()
...
android.support.v4.content.FileProvider
android.support.v4.content.FileProvider$PathStrategy
android.support.v4.content.FileProvider$SimplePathStrategy
android.support.v4.content.IntentCompat
android.support.v4.content.IntentCompat$IntentCompatImpl
android.support.v4.content.IntentCompat$IntentCompatImplBase
android.support.v4.content.IntentCompat$IntentCompatImplHC
android.support.v4.content.IntentCompat$IntentCompatImplIcsMr1
android.support.v4.content.IntentCompatHoneycomb
android.support.v4.content.IntentCompatIcsMr1
android.support.v4.content.Loader:
    android.content.Context mContext
    91:93:public Loader(android.content.Context)
    103:106:public void deliverResult(java.lang.Object)
    112:112:public android.content.Context getContext()
    119:119:public int getId()
    158:158:public boolean isStarted()
    167:167:public boolean isAbandoned()
    176:176:public boolean isReset()
    218:219:public void forceLoad()
    226:226:protected void onForceLoad()
    262:264:public void abandon()
    276:276:protected void onAbandon()
    314:317:public boolean takeContentChanged()
    328:329:public void commitContentChanged()
    339:342:public void rollbackContentChanged()
    353:361:public void onContentChanged()
android.support.v4.content.Loader$ForceLoadContentObserver
android.support.v4.content.Loader$OnLoadCompleteListener:
    public abstract void onLoadComplete(android.support.v4.content.Loader,java.lang.Object)
android.support.v4.content.LocalBroadcastManager
android.support.v4.content.LocalBroadcastManager$1
android.support.v4.content.LocalBroadcastManager$BroadcastRecord
android.support.v4.content.LocalBroadcastManager$ReceiverRecord
android.support.v4.content.ModernAsyncTask
android.support.v4.content.ModernAsyncTask$1
android.support.v4.content.ModernAsyncTask$2
android.support.v4.content.ModernAsyncTask$3
android.support.v4.content.ModernAsyncTask$4
android.support.v4.content.ModernAsyncTask$AsyncTaskResult
android.support.v4.content.ModernAsyncTask$InternalHandler
android.support.v4.content.ModernAsyncTask$Status
android.support.v4.content.ModernAsyncTask$WorkerRunnable
android.support.v4.content.WakefulBroadcastReceiver
android.support.v4.content.pm.ActivityInfoCompat
android.support.v4.database.DatabaseUtilsCompat
android.support.v4.graphics.drawable.DrawableCompat:
    25:66:public DrawableCompat()
    102:103:public static void jumpToCurrentState(android.graphics.drawable.Drawable)
android.support.v4.graphics.drawable.DrawableCompat$BaseDrawableImpl:
    41:41:public void jumpToCurrentState(android.graphics.drawable.Drawable)
android.support.v4.graphics.drawable.DrawableCompat$DrawableImpl:
    public abstract void jumpToCurrentState(android.graphics.drawable.Drawable)
android.support.v4.graphics.drawable.DrawableCompat$HoneycombDrawableImpl:
    59:60:public void jumpToCurrentState(android.graphics.drawable.Drawable)
android.support.v4.graphics.drawable.DrawableCompatHoneycomb
android.support.v4.graphics.drawable.DrawableCompatKitKat:
    24:24:DrawableCompatKitKat()
android.support.v4.hardware.display.DisplayManagerCompat
android.support.v4.hardware.display.DisplayManagerCompat$JellybeanMr1Impl
android.support.v4.hardware.display.DisplayManagerCompat$LegacyImpl
android.support.v4.hardware.display.DisplayManagerJellybeanMr1
android.support.v4.internal.view.SupportMenu
android.support.v4.internal.view.SupportMenuItem
android.support.v4.internal.view.SupportSubMenu
android.support.v4.media.TransportController
android.support.v4.media.TransportMediator
android.support.v4.media.TransportMediator$1
android.support.v4.media.TransportMediator$2
android.support.v4.media.TransportMediatorCallback
android.support.v4.media.TransportMediatorJellybeanMR2
android.support.v4.media.TransportMediatorJellybeanMR2$1
android.support.v4.media.TransportMediatorJellybeanMR2$2
android.support.v4.media.TransportMediatorJellybeanMR2$3